Analysis initiated from SIMULIA established products
Abaqus JOB Job-1
Abaqus 2020
Abaqus License Manager checked out the following licenses:
Abaqus/Standard checked out 5 tokens from Flexnet server DESKTOP-B65C8HE.
<1019 out of 1024 licenses remain available>.
Begin Analysis Input File Processor
2023-03-17 14:42:28
Run pre.exe
2023-03-17 14:42:36
End Analysis Input File Processor
Begin Abaqus/Standard Analysis
2023-03-17 14:42:36
Run standard.exe
2023-03-17 14:42:48
End Abaqus/Standard Analysis
Begin SIM Wrap-up
2023-03-17 14:42:48
Run SMASimUtility.exe
2023-03-17 14:42:49
End SIM Wrap-up
Abaqus JOB Job-1 COMPLETED
